<?xml version="1.0" encoding="UTF-8"?>
<testsuite name="com.chaimae.calculator.CalculatorApplicationTests" tests="1" skipped="0" failures="0" errors="0" timestamp="2023-12-01T10:04:15" hostname="saymae" time="0.949">
  <properties/>
  <testcase name="contextLoads()" classname="com.chaimae.calculator.CalculatorApplicationTests" time="0.949"/>
  <system-out><![CDATA[11:04:13.733 [Test worker] INFO org.springframework.test.context.support.AnnotationConfigContextLoaderUtils -- Could not detect default configuration classes for test class [com.chaimae.calculator.CalculatorApplicationTests]: CalculatorApplicationTests does not declare any static, non-private, non-final, nested classes annotated with @Configuration.
11:04:13.884 [Test worker] INFO org.springframework.boot.test.context.SpringBootTestContextBootstrapper -- Found @SpringBootConfiguration com.chaimae.calculator.CalculatorApplication for test class com.chaimae.calculator.CalculatorApplicationTests

  .   ____          _            __ _ _
 /\\ / ___'_ __ _ _(_)_ __  __ _ \ \ \ \
( ( )\___ | '_ | '_| | '_ \/ _` | \ \ \ \
 \\/  ___)| |_)| | | | | || (_| |  ) ) ) )
  '  |____| .__|_| |_|_| |_\__, | / / / /
 =========|_|==============|___/=/_/_/_/
 :: Spring Boot ::                (v3.2.0)

2023-12-01T11:04:14.497+01:00  INFO 10597 --- [    Test worker] c.c.c.CalculatorApplicationTests         : Starting CalculatorApplicationTests using Java 17.0.9 with PID 10597 (started by chaimae in /home/chaimae/calculator)
2023-12-01T11:04:14.500+01:00  INFO 10597 --- [    Test worker] c.c.c.CalculatorApplicationTests         : No active profile set, falling back to 1 default profile: "default"
2023-12-01T11:04:15.868+01:00  INFO 10597 --- [    Test worker] c.c.c.CalculatorApplicationTests         : Started CalculatorApplicationTests in 1.767 seconds (process running for 3.184)
]]></system-out>
  <system-err><![CDATA[]]></system-err>
</testsuite>
