<?xml version="1.0" encoding="UTF-8"?>
<testsuite name="com.chaimae.calculator.CalculatorTest" tests="1" skipped="0" failures="0" errors="0" timestamp="2023-12-01T10:04:16" hostname="saymae" time="0.003">
  <properties/>
  <testcase name="testSum()" classname="com.chaimae.calculator.CalculatorTest" time="0.003"/>
  <system-out><![CDATA[]]></system-out>
  <system-err><![CDATA[]]></system-err>
</testsuite>
